app/build/intermediates/manifest_merge_blame_file/debug/manifest-merger-blame-debug-report.txt
1<?xml version="1.0" encoding="utf-8"?>
2<manifest xmlns:android="http://schemas.android.com/apk/res/android"
3    package="tan.philip.nrf_ble"
4    android:versionCode="1"
5    android:versionName="1.0" >
6
7    <uses-sdk
8        android:minSdkVersion="26"
8-->src\main\AndroidManifest.xml
9        android:targetSdkVersion="29" />
9-->src\main\AndroidManifest.xml
10
11    <uses-permission android:name="android.permission.BLUETOOTH" />
11-->src\main\AndroidManifest.xml:5:5-68
11-->src\main\AndroidManifest.xml:5:22-65
12    <uses-permission android:name="android.permission.BLUETOOTH_ADMIN" />
12-->src\main\AndroidManifest.xml:6:5-74
12-->src\main\AndroidManifest.xml:6:22-71
13    <uses-permission android:name="android.permission.ACCESS_FINE_LOCATION" />
13-->src\main\AndroidManifest.xml:7:5-79
13-->src\main\AndroidManifest.xml:7:22-76
14    <uses-permission android:name="android.permission.VIBRATE" />
14-->src\main\AndroidManifest.xml:8:5-66
14-->src\main\AndroidManifest.xml:8:22-63
15
16    <uses-feature
16-->src\main\AndroidManifest.xml:10:5-12:35
17        android:name="android.hardware.bluetooth_le"
17-->src\main\AndroidManifest.xml:11:9-53
18        android:required="true" />
18-->src\main\AndroidManifest.xml:12:9-32
19    <uses-feature
19-->src\main\AndroidManifest.xml:10:5-12:35
20        android:name="android.hardware.bluetooth_le"
20-->src\main\AndroidManifest.xml:11:9-53
21        android:required="true" />
21-->src\main\AndroidManifest.xml:12:9-32
22
23    <application
23-->src\main\AndroidManifest.xml:17:5-53:19
24        android:allowBackup="true"
24-->src\main\AndroidManifest.xml:18:9-35
25        android:appComponentFactory="androidx.core.app.CoreComponentFactory"
25-->[androidx.core:core:1.0.1] AndroidManifest.xml:22:18-86
26        android:debuggable="true"
27        android:icon="@drawable/heartrate"
27-->src\main\AndroidManifest.xml:19:9-43
28        android:label="@string/app_name"
28-->src\main\AndroidManifest.xml:20:9-41
29        android:roundIcon="@mipmap/ic_launcher_round"
29-->src\main\AndroidManifest.xml:21:9-54
30        android:supportsRtl="true"
30-->src\main\AndroidManifest.xml:22:9-35
31        android:testOnly="true"
32        android:theme="@style/AppTheme" >
32-->src\main\AndroidManifest.xml:23:9-40
33        <activity
33-->src\main\AndroidManifest.xml:24:9-27:61
34            android:name="tan.philip.nrf_ble.GraphScreen.GraphDebugActivity"
34-->src\main\AndroidManifest.xml:25:13-59
35            android:configChanges="keyboardHidden|orientation|screenSize"
35-->src\main\AndroidManifest.xml:26:13-74
36            android:screenOrientation="portrait" />
36-->src\main\AndroidManifest.xml:27:13-49
37        <activity
37-->src\main\AndroidManifest.xml:28:9-33:59
38            android:name="tan.philip.nrf_ble.GraphScreen.GraphActivity"
38-->src\main\AndroidManifest.xml:29:13-54
39            android:configChanges="keyboardHidden|orientation|screenSize"
39-->src\main\AndroidManifest.xml:30:13-74
40            android:label="@string/title_activity_graph"
40-->src\main\AndroidManifest.xml:31:13-57
41            android:screenOrientation="portrait"
41-->src\main\AndroidManifest.xml:32:13-49
42            android:theme="@style/AppTheme.NoActionBar" />
42-->src\main\AndroidManifest.xml:33:13-56
43        <activity
43-->src\main\AndroidManifest.xml:34:9-37:59
44            android:name="tan.philip.nrf_ble.ScanListScreen.ScanResultsActivity"
44-->src\main\AndroidManifest.xml:35:13-63
45            android:label="@string/title_activity_scan_results"
45-->src\main\AndroidManifest.xml:36:13-64
46            android:theme="@style/AppTheme.NoActionBar" />
46-->src\main\AndroidManifest.xml:37:13-56
47        <activity
47-->src\main\AndroidManifest.xml:38:9-49:20
48            android:name="tan.philip.nrf_ble.ScanScreen.ClientActivity"
48-->src\main\AndroidManifest.xml:39:13-54
49            android:configChanges="keyboardHidden|orientation|screenSize"
49-->src\main\AndroidManifest.xml:40:13-74
50            android:label="@string/title_activity_client"
50-->src\main\AndroidManifest.xml:41:13-58
51            android:screenOrientation="portrait"
51-->src\main\AndroidManifest.xml:42:13-49
52            android:theme="@style/AppTheme.NoActionBar" >
52-->src\main\AndroidManifest.xml:43:13-56
53            <intent-filter>
53-->src\main\AndroidManifest.xml:44:13-48:29
54                <action android:name="android.intent.action.MAIN" />
54-->src\main\AndroidManifest.xml:45:17-69
54-->src\main\AndroidManifest.xml:45:25-66
55
56                <category android:name="android.intent.category.LAUNCHER" />
56-->src\main\AndroidManifest.xml:47:17-77
56-->src\main\AndroidManifest.xml:47:27-74
57            </intent-filter>
58        </activity>
59        <activity android:name="tan.philip.nrf_ble.ScanScreen.TestUI" />
59-->src\main\AndroidManifest.xml:50:9-55
59-->src\main\AndroidManifest.xml:50:19-52
60
61        <service android:name="tan.philip.nrf_ble.BluetoothLeService" />
61-->src\main\AndroidManifest.xml:52:9-55
61-->src\main\AndroidManifest.xml:52:18-52
62    </application>
63
64</manifest>